<?xml version="1.0" encoding="UTF-8"?>
<testng-results skipped="0" failed="1" ignored="0" total="3" passed="2">
  <reporter-output>
  </reporter-output>
  <suite name="com.spacex.api.tests.Launch_Details_API_Test" duration-ms="7700" started-at="2021-09-04T05:04:44 IST" finished-at="2021-09-04T05:04:51 IST">
    <groups>
    </groups>
    <test name="Command line test" duration-ms="7700" started-at="2021-09-04T05:04:44 IST" finished-at="2021-09-04T05:04:51 IST">
      <class name="com.spacex.api.tests.Launch_Details_API_Test">
        <test-method status="PASS" signature="loadlog4j()[pri:0, instance:com.spacex.api.tests.Launch_Details_API_Test@3891771e]" name="loadlog4j" is-config="true" duration-ms="11" started-at="2021-09-04T05:04:44 IST" finished-at="2021-09-04T05:04:44 IST">
          <reporter-output>
          </reporter-output>
        </test-method> <!-- loadlog4j -->
        <test-method status="PASS" signature="beforeTestMethodTestBase(java.lang.reflect.Method)[pri:0, instance:com.spacex.api.tests.Launch_Details_API_Test@3891771e]" name="beforeTestMethodTestBase" is-config="true" duration-ms="842" started-at="2021-09-04T05:04:44 IST" finished-at="2021-09-04T05:04:45 IST">
          <params>
            <param index="0">
              <value>
                <![CDATA[public void com.spacex.api.tests.Launch_Details_API_Test.TC_01_ValidateResponseOfLaunchAPI_withValidParameters() throws java.lang.Throwable]]>
              </value>
            </param>
          </params>
          <reporter-output>
          </reporter-output>
        </test-method> <!-- beforeTestMethodTestBase -->
        <test-method status="PASS" signature="beforeTestMethod(java.lang.reflect.Method)[pri:0, instance:com.spacex.api.tests.Launch_Details_API_Test@3891771e]" name="beforeTestMethod" is-config="true" duration-ms="892" started-at="2021-09-04T05:04:45 IST" finished-at="2021-09-04T05:04:45 IST">
          <params>
            <param index="0">
              <value>
                <![CDATA[public void com.spacex.api.tests.Launch_Details_API_Test.TC_01_ValidateResponseOfLaunchAPI_withValidParameters() throws java.lang.Throwable]]>
              </value>
            </param>
          </params>
          <reporter-output>
          </reporter-output>
        </test-method> <!-- beforeTestMethod -->
        <test-method status="PASS" signature="TC_01_ValidateResponseOfLaunchAPI_withValidParameters()[pri:1, instance:com.spacex.api.tests.Launch_Details_API_Test@3891771e]" name="TC_01_ValidateResponseOfLaunchAPI_withValidParameters" duration-ms="2968" started-at="2021-09-04T05:04:45 IST" description="Validate the Launch API Details using valid parameters" finished-at="2021-09-04T05:04:48 IST">
          <reporter-output>
          </reporter-output>
        </test-method> <!-- TC_01_ValidateResponseOfLaunchAPI_withValidParameters -->
        <test-method status="PASS" signature="afterTestMethodTestBase(java.lang.reflect.Method)[pri:0, instance:com.spacex.api.tests.Launch_Details_API_Test@3891771e]" name="afterTestMethodTestBase" is-config="true" duration-ms="4" started-at="2021-09-04T05:04:48 IST" finished-at="2021-09-04T05:04:48 IST">
          <params>
            <param index="0">
              <value>
                <![CDATA[public void com.spacex.api.tests.Launch_Details_API_Test.TC_01_ValidateResponseOfLaunchAPI_withValidParameters() throws java.lang.Throwable]]>
              </value>
            </param>
          </params>
          <reporter-output>
          </reporter-output>
        </test-method> <!-- afterTestMethodTestBase -->
        <test-method status="PASS" signature="beforeTestMethodTestBase(java.lang.reflect.Method)[pri:0, instance:com.spacex.api.tests.Launch_Details_API_Test@3891771e]" name="beforeTestMethodTestBase" is-config="true" duration-ms="1" started-at="2021-09-04T05:04:48 IST" finished-at="2021-09-04T05:04:48 IST">
          <params>
            <param index="0">
              <value>
                <![CDATA[public void com.spacex.api.tests.Launch_Details_API_Test.TC_02_ValidateResponseOfLaunchAPI_withoutHeaderValue() throws java.lang.Throwable]]>
              </value>
            </param>
          </params>
          <reporter-output>
          </reporter-output>
        </test-method> <!-- beforeTestMethodTestBase -->
        <test-method status="PASS" signature="beforeTestMethod(java.lang.reflect.Method)[pri:0, instance:com.spacex.api.tests.Launch_Details_API_Test@3891771e]" name="beforeTestMethod" is-config="true" duration-ms="87" started-at="2021-09-04T05:04:48 IST" finished-at="2021-09-04T05:04:48 IST">
          <params>
            <param index="0">
              <value>
                <![CDATA[public void com.spacex.api.tests.Launch_Details_API_Test.TC_02_ValidateResponseOfLaunchAPI_withoutHeaderValue() throws java.lang.Throwable]]>
              </value>
            </param>
          </params>
          <reporter-output>
          </reporter-output>
        </test-method> <!-- beforeTestMethod -->
        <test-method status="PASS" signature="TC_02_ValidateResponseOfLaunchAPI_withoutHeaderValue()[pri:2, instance:com.spacex.api.tests.Launch_Details_API_Test@3891771e]" name="TC_02_ValidateResponseOfLaunchAPI_withoutHeaderValue" duration-ms="1478" started-at="2021-09-04T05:04:48 IST" description="Validate the Launch API Details without header value" finished-at="2021-09-04T05:04:50 IST">
          <reporter-output>
          </reporter-output>
        </test-method> <!-- TC_02_ValidateResponseOfLaunchAPI_withoutHeaderValue -->
        <test-method status="PASS" signature="afterTestMethodTestBase(java.lang.reflect.Method)[pri:0, instance:com.spacex.api.tests.Launch_Details_API_Test@3891771e]" name="afterTestMethodTestBase" is-config="true" duration-ms="1" started-at="2021-09-04T05:04:50 IST" finished-at="2021-09-04T05:04:50 IST">
          <params>
            <param index="0">
              <value>
                <![CDATA[public void com.spacex.api.tests.Launch_Details_API_Test.TC_02_ValidateResponseOfLaunchAPI_withoutHeaderValue() throws java.lang.Throwable]]>
              </value>
            </param>
          </params>
          <reporter-output>
          </reporter-output>
        </test-method> <!-- afterTestMethodTestBase -->
        <test-method status="PASS" signature="beforeTestMethodTestBase(java.lang.reflect.Method)[pri:0, instance:com.spacex.api.tests.Launch_Details_API_Test@3891771e]" name="beforeTestMethodTestBase" is-config="true" duration-ms="1" started-at="2021-09-04T05:04:50 IST" finished-at="2021-09-04T05:04:50 IST">
          <params>
            <param index="0">
              <value>
                <![CDATA[public void com.spacex.api.tests.Launch_Details_API_Test.TC_03_ValidateResponseOfLaunchAPI_withInvalidHeader() throws java.lang.Throwable]]>
              </value>
            </param>
          </params>
          <reporter-output>
          </reporter-output>
        </test-method> <!-- beforeTestMethodTestBase -->
        <test-method status="PASS" signature="beforeTestMethod(java.lang.reflect.Method)[pri:0, instance:com.spacex.api.tests.Launch_Details_API_Test@3891771e]" name="beforeTestMethod" is-config="true" duration-ms="53" started-at="2021-09-04T05:04:50 IST" finished-at="2021-09-04T05:04:50 IST">
          <params>
            <param index="0">
              <value>
                <![CDATA[public void com.spacex.api.tests.Launch_Details_API_Test.TC_03_ValidateResponseOfLaunchAPI_withInvalidHeader() throws java.lang.Throwable]]>
              </value>
            </param>
          </params>
          <reporter-output>
          </reporter-output>
        </test-method> <!-- beforeTestMethod -->
        <test-method status="FAIL" signature="TC_03_ValidateResponseOfLaunchAPI_withInvalidHeader()[pri:3, instance:com.spacex.api.tests.Launch_Details_API_Test@3891771e]" name="TC_03_ValidateResponseOfLaunchAPI_withInvalidHeader" duration-ms="1313" started-at="2021-09-04T05:04:50 IST" description="Validate the Launch API Details withInvalidHeader value" finished-at="2021-09-04T05:04:51 IST">
          <exception class="java.lang.AssertionError">
            <message>
              <![CDATA[expected [400] but found [200]]]>
            </message>
            <full-stacktrace>
              <![CDATA[java.lang.AssertionError: expected [400] but found [200]
at org.testng.Assert.fail(Assert.java:99)
at org.testng.Assert.failNotEquals(Assert.java:1037)
at org.testng.Assert.assertEqualsImpl(Assert.java:140)
at org.testng.Assert.assertEquals(Assert.java:122)
at org.testng.Assert.assertEquals(Assert.java:907)
at org.testng.Assert.assertEquals(Assert.java:917)
at com.spacex.api.tests.Launch_Details_API_Test.TC_03_ValidateResponseOfLaunchAPI_withInvalidHeader(Launch_Details_API_Test.java:114)
at sun.reflect.NativeMethodAccessorImpl.invoke0(Native Method)
at sun.reflect.NativeMethodAccessorImpl.invoke(NativeMethodAccessorImpl.java:62)
at sun.reflect.DelegatingMethodAccessorImpl.invoke(DelegatingMethodAccessorImpl.java:43)
at java.lang.reflect.Method.invoke(Method.java:498)
at org.testng.internal.MethodInvocationHelper.invokeMethod(MethodInvocationHelper.java:133)
at org.testng.internal.TestInvoker.invokeMethod(TestInvoker.java:598)
at org.testng.internal.TestInvoker.invokeTestMethod(TestInvoker.java:173)
at org.testng.internal.MethodRunner.runInSequence(MethodRunner.java:46)
at org.testng.internal.TestInvoker$MethodInvocationAgent.invoke(TestInvoker.java:824)
at org.testng.internal.TestInvoker.invokeTestMethods(TestInvoker.java:146)
at org.testng.internal.TestMethodWorker.invokeTestMethods(TestMethodWorker.java:146)
at org.testng.internal.TestMethodWorker.run(TestMethodWorker.java:128)
at java.util.ArrayList.forEach(ArrayList.java:1257)
at org.testng.TestRunner.privateRun(TestRunner.java:794)
at org.testng.TestRunner.run(TestRunner.java:596)
at org.testng.SuiteRunner.runTest(SuiteRunner.java:377)
at org.testng.SuiteRunner.runSequentially(SuiteRunner.java:371)
at org.testng.SuiteRunner.privateRun(SuiteRunner.java:332)
at org.testng.SuiteRunner.run(SuiteRunner.java:276)
at org.testng.SuiteRunnerWorker.runSuite(SuiteRunnerWorker.java:53)
at org.testng.SuiteRunnerWorker.run(SuiteRunnerWorker.java:96)
at org.testng.TestNG.runSuitesSequentially(TestNG.java:1212)
at org.testng.TestNG.runSuitesLocally(TestNG.java:1134)
at org.testng.TestNG.runSuites(TestNG.java:1063)
at org.testng.TestNG.run(TestNG.java:1031)
at org.apache.maven.surefire.testng.TestNGExecutor.run(TestNGExecutor.java:77)
at org.apache.maven.surefire.testng.TestNGDirectoryTestSuite.execute(TestNGDirectoryTestSuite.java:110)
at org.apache.maven.surefire.testng.TestNGProvider.invoke(TestNGProvider.java:106)
at sun.reflect.NativeMethodAccessorImpl.invoke0(Native Method)
at sun.reflect.NativeMethodAccessorImpl.invoke(NativeMethodAccessorImpl.java:62)
at sun.reflect.DelegatingMethodAccessorImpl.invoke(DelegatingMethodAccessorImpl.java:43)
at java.lang.reflect.Method.invoke(Method.java:498)
at org.apache.maven.surefire.util.ReflectionUtils.invokeMethodWithArray(ReflectionUtils.java:189)
at org.apache.maven.surefire.booter.ProviderFactory$ProviderProxy.invoke(ProviderFactory.java:165)
at org.apache.maven.surefire.booter.ProviderFactory.invokeProvider(ProviderFactory.java:85)
at org.apache.maven.surefire.booter.ForkedBooter.runSuitesInProcess(ForkedBooter.java:115)
at org.apache.maven.surefire.booter.ForkedBooter.main(ForkedBooter.java:75)
]]>
            </full-stacktrace>
          </exception> <!-- java.lang.AssertionError -->
          <reporter-output>
          </reporter-output>
        </test-method> <!-- TC_03_ValidateResponseOfLaunchAPI_withInvalidHeader -->
        <test-method status="PASS" signature="afterTestMethodTestBase(java.lang.reflect.Method)[pri:0, instance:com.spacex.api.tests.Launch_Details_API_Test@3891771e]" name="afterTestMethodTestBase" is-config="true" duration-ms="0" started-at="2021-09-04T05:04:51 IST" finished-at="2021-09-04T05:04:51 IST">
          <params>
            <param index="0">
              <value>
                <![CDATA[public void com.spacex.api.tests.Launch_Details_API_Test.TC_03_ValidateResponseOfLaunchAPI_withInvalidHeader() throws java.lang.Throwable]]>
              </value>
            </param>
          </params>
          <reporter-output>
          </reporter-output>
        </test-method> <!-- afterTestMethodTestBase -->
      </class> <!-- com.spacex.api.tests.Launch_Details_API_Test -->
    </test> <!-- Command line test -->
  </suite> <!-- com.spacex.api.tests.Launch_Details_API_Test -->
</testng-results>
